
> sports@0.1.0 start
> next start --hostname 127.0.0.1 --port 3000

▲ Next.js 16.2.1
- Local:         http://127.0.0.1:3000
- Network:       http://127.0.0.1:3000
✓ Ready in 453ms
[request] 1594eafae4914fa1 GET /en/live status=200 geo=INTL session=no
[request] 57eda24ade464d42 GET /icon.svg status=200 geo=INTL session=no
[request] 8b34e31bd9804c15 GET /icon.svg status=200 geo=INTL session=no
[request] e39357d55f6348fa GET /en status=200 geo=INTL session=no
[request] 3e262d010b5849cf GET /en/leagues/BL1 status=200 geo=INTL session=no
[request] 1bdad05f9a8e46b3 GET /en/leagues/SA status=200 geo=INTL session=no
[request] d51efb2a1e824027 GET /en/leagues/LL status=200 geo=INTL session=no
[request] c4c64b0f552d4987 GET /en/leagues/UCL status=200 geo=INTL session=no
[request] ce022325eb1f41f8 GET /en/leagues/EPL status=200 geo=INTL session=no
[request] 72e96ba7820d422a GET /en/leagues status=200 geo=INTL session=no
[request] 0d74af15e4354fac GET /en status=200 geo=INTL session=no
[request] 324287ad239940b8 GET /en status=200 geo=INTL session=no
[request] 02ad87822b184ed1 GET /en/leagues/EPL status=200 geo=INTL session=no
[request] fe96831a24374e20 GET /en status=200 geo=INTL session=no
[request] e53a76dace9f4d86 GET /en status=200 geo=INTL session=no
[request] 33dc1e620b764f29 GET /en status=200 geo=INTL session=no
[request] 6a0fb002c69b4793 GET /en status=200 geo=INTL session=no
[request] 000bd7641d9a4faf GET /en status=200 geo=INTL session=no
[request] c3c1a1627b5d4112 GET /en status=200 geo=INTL session=no
[request] e9eebde3f8844f4f GET /en/leagues/BL1 status=200 geo=INTL session=no
[request] 0919af4da2b54ae2 GET /en/leagues/SA status=200 geo=INTL session=no
[request] 68669ab46e054d1d GET /en/leagues/LL status=200 geo=INTL session=no
[request] fe506bf8733c4d52 GET /en/leagues/UCL status=200 geo=INTL session=no
[request] 1f3e8f196b1e4136 GET /en/leagues status=200 geo=INTL session=no
[request] b8e793351aa7423b GET /en status=200 geo=INTL session=no
[request] 3831e4e966ab4358 GET /en status=200 geo=INTL session=no
[request] db9b28bb9d4b4772 GET /en status=200 geo=INTL session=no
[request] dc4086ac10be4531 GET /en/leagues/EPL status=200 geo=INTL session=no
[request] d7902118fe2d446e GET /en status=200 geo=INTL session=no
[request] 23ea154e60844df0 GET /en status=200 geo=INTL session=no
[request] 507af17c1d254c3e GET /en status=200 geo=INTL session=no
[request] 6cc078c78c0b4692 GET /en status=200 geo=INTL session=no
[request] 76a6374e719744dd GET /en status=200 geo=INTL session=no
[request] 0105b232797d4c60 GET /en status=200 geo=INTL session=no
[request] 8501b0027fd54063 GET /en/leagues/BL1 status=200 geo=INTL session=no
[request] 8284bab660354007 GET /en/leagues/SA status=200 geo=INTL session=no
[request] 8a8880c25c334d91 GET /en/leagues/LL status=200 geo=INTL session=no
[request] c0919f2968294b50 GET /en/leagues/UCL status=200 geo=INTL session=no
[request] 7a1dd6d51dff4969 GET /en/leagues status=200 geo=INTL session=no
[request] ffa0c62ee39f476f GET /en status=200 geo=INTL session=no
[request] c85f018e1a5942d6 GET /en status=200 geo=INTL session=no
[request] 3eb3ae17e8364f6e GET /en status=200 geo=INTL session=no
[request] 61ccb1d475894fb0 GET /en status=200 geo=INTL session=no
[request] a07647ac48dd4f3a GET /en status=200 geo=INTL session=no
[request] 11d31336d1c6421b GET /en status=200 geo=INTL session=no
[request] 13bf132d04da469a GET /en status=200 geo=INTL session=no
[request] b728ce12d7304361 GET /en status=200 geo=INTL session=no
[request] 2c8baf46eb324701 GET /en status=200 geo=INTL session=no
[request] 78fbd42987164158 GET /en status=200 geo=INTL session=no
[request] 5410183e33fd444a GET /en status=200 geo=INTL session=no
[request] f95f60bb9ce5449e GET /en/leagues/UCL status=200 geo=INTL session=no
[request] 9fa56615ca034c4a GET /en/leagues/EPL status=200 geo=INTL session=no
[request] 112b02b3f1114f93 GET /en/leagues status=200 geo=INTL session=no
[request] ccac0f6abb4540ec GET /en status=200 geo=INTL session=no
[request] cbb569b0af684afe GET /en status=200 geo=INTL session=no
[request] 325d074ecc1346e0 GET /en status=200 geo=INTL session=no
[request] 340b78f77c0541c2 GET /en status=200 geo=INTL session=no
[request] 21c85889cf294af1 GET /en status=200 geo=INTL session=no
[request] bf32887a659548b1 GET /en status=200 geo=INTL session=no
[request] 10b6e1b2764048a9 GET /en status=200 geo=INTL session=no
[request] f156c6c583e041bf GET /en status=200 geo=INTL session=no
[request] cd0ea92ab76a40b8 GET /en status=200 geo=INTL session=no
[request] 02b6fac0ef6f46d7 GET /en/leagues/UCL status=200 geo=INTL session=no
[request] 3b273c922ccc449b GET /en/leagues/EPL status=200 geo=INTL session=no
[request] 07bba6c595604b1b GET /en/leagues status=200 geo=INTL session=no
[request] d69a981e236c4de6 GET /en status=200 geo=INTL session=no
[request] 156578362c844e2b GET /en status=200 geo=INTL session=no
[request] 0ceab5510ea44f12 GET /en status=200 geo=INTL session=no
[request] 8b5050aadea54aed GET /en status=200 geo=INTL session=no
[request] 0141be4da4a74daa GET /en status=200 geo=INTL session=no
[request] 4095157c25e14e7b GET /en status=200 geo=INTL session=no
[request] eb1de6969b5047df GET /en status=200 geo=INTL session=no
[request] 8d1dd5cbe8e048ef GET /en status=200 geo=INTL session=no
[request] 0c38bdfcb06a4ac3 GET /en status=200 geo=INTL session=no
[request] c8220ccd7d7f478d GET /en status=200 geo=INTL session=no
[request] 87e2cf2a47b94726 GET /en status=200 geo=INTL session=no
[request] 29691bbe32fe4f1b GET /en/leagues/UCL status=200 geo=INTL session=no
[request] 91b22ff0e9164f1b GET /en/leagues/EPL status=200 geo=INTL session=no
[request] c975c81574234cb6 GET /en/leagues status=200 geo=INTL session=no
[request] 11dadcebfdc2430e GET /en status=200 geo=INTL session=no
[request] 73ebf3468a6a4413 GET /en status=200 geo=INTL session=no
[request] b4b723651596415d GET /en status=200 geo=INTL session=no
[request] 87cf0ea1b34a4bb2 GET /en status=200 geo=INTL session=no
[request] 4d532e092ea84684 GET /en status=200 geo=INTL session=no
[request] e9884afb38f84352 GET /en status=200 geo=INTL session=no
[request] 854c1585f87e4c9c GET /en status=200 geo=INTL session=no
[request] 53d67627a9d64047 GET /en status=200 geo=INTL session=no
[request] edab48155cd84ddd GET /en status=200 geo=INTL session=no
[request] d1d36460457f4294 GET /en status=200 geo=INTL session=no
[request] 943cc9a2b2964351 GET /en/leagues/UCL status=200 geo=INTL session=no
[request] 2e4f7eeeb7ef48af GET /en/leagues/EPL status=200 geo=INTL session=no
[request] a8c5a82e431a4d8e GET /en/leagues status=200 geo=INTL session=no
[request] a406ce6029c24e7d GET /en status=200 geo=INTL session=no
[request] 83146c24e10141af GET /en status=200 geo=INTL session=no
[request] 1c91d5f5986740b0 GET /en status=200 geo=INTL session=no
[request] 2958b9ee2cfb4b1d GET /en/leagues/BL1 status=200 geo=INTL session=no
[request] 88d07b409e794fbc GET /en/leagues/BL1 status=200 geo=INTL session=no
[request] f6f5f65689d544d4 GET /en/match/bl1-finished-bvb-rbl status=200 geo=INTL session=no
[request] 17aff3ca99ea4bee GET /en/match/bl1-finished-bvb-rbl status=200 geo=INTL session=no
[request] ed0cb8a0f1184d07 GET /en/leagues/LL status=200 geo=INTL session=no
[request] 7504484f356a4d97 GET /en/leagues/LL status=200 geo=INTL session=no
[request] 9ce42ac5ef8d4f4f GET /en/match/ll-upcoming-bar-sev status=200 geo=INTL session=no
[request] 3f4083d1533b40e8 GET /en/match/ll-upcoming-bar-sev status=200 geo=INTL session=no
[request] 63bc8af0030e4343 GET /en/match/epl-live-ars-che status=200 geo=INTL session=no
[request] e5c5e949762c4956 GET /en/match/epl-live-ars-che status=200 geo=INTL session=no
[request] 7afbc6d5bb984e4b GET /en/leagues/SA status=200 geo=INTL session=no
[request] 1ab76392f2dc42e2 GET /en/leagues/SA status=200 geo=INTL session=no
[request] b74f3bbae07c4836 GET /en status=200 geo=INTL session=no
[request] 07eb663a44d24723 GET /en/leagues/SA status=200 geo=INTL session=no
[request] 4a612154fdf2422a GET /en/leagues/EPL status=200 geo=INTL session=no
[request] 95e1c06845564909 GET /en/match/epl-live-ars-che status=200 geo=INTL session=no
[request] 948fddebcd5645db GET /en/leagues/LL status=200 geo=INTL session=no
[request] 6b226320b55641f5 GET /en/match/ll-upcoming-bar-sev status=200 geo=INTL session=no
[request] 967f49613652418e GET /en/leagues/BL1 status=200 geo=INTL session=no
[request] 9a6f49dba3854959 GET /en/match/bl1-finished-bvb-rbl status=200 geo=INTL session=no
[request] 6fc94e53138b423a GET /en/match/sa-upcoming-int-laz status=200 geo=INTL session=no
[request] 024a8bd3161d4b2e GET /en/match/sa-upcoming-int-laz status=200 geo=INTL session=no
[request] f25fa99b3ab14ce2 GET /en/leagues/UCL status=200 geo=INTL session=no
[request] 9b3ae2b725dd4922 GET /en/match/ucl-live-rma-bay status=200 geo=INTL session=no
[request] 46ece16b6f374ac6 GET /en/match/ucl-live-rma-bay status=200 geo=INTL session=no
[request] 087d92d2639b4345 GET /en status=200 geo=INTL session=no
[request] d2b11a0b9fbb4dab GET /en status=200 geo=INTL session=no
[request] cef6d05bb01c426c GET /en status=200 geo=INTL session=no
[request] ce58581cee28416e GET /en status=200 geo=INTL session=no
[request] f18eb2c903a54f9b GET /en status=200 geo=INTL session=no
[request] 8b3f539c1ebc4891 GET /en status=200 geo=INTL session=no
[request] 5f6b11b2ac5f454e GET /en/leagues status=200 geo=INTL session=no
[request] f831661b30b44ce1 GET /en status=200 geo=INTL session=no
[request] 02a64244eecf4fcb GET /en status=200 geo=INTL session=no
[request] 11f30aea8236418f GET /en status=200 geo=INTL session=no
[request] 42484875f9454d26 GET /en status=200 geo=INTL session=no
[request] d4d7c0d95e244f93 GET /en/leagues status=200 geo=INTL session=no
[request] 96cc870c3e1c470f GET /en status=200 geo=INTL session=no
[request] 8eae09fe6f97459c GET /en status=200 geo=INTL session=no
[request] 1df9e4ca5b1a45cd GET /en status=200 geo=INTL session=no
[request] 5d6b1280410e4972 GET /en/leagues/UCL status=200 geo=INTL session=no
[request] 1aebcddbbb27446a GET /en/leagues/EPL status=200 geo=INTL session=no
[request] 6414a7415b0544c7 GET /en status=200 geo=INTL session=no
[request] 53aafd6c90fc4f80 GET /en status=200 geo=INTL session=no
[request] 3e17f1312e9d497a GET /en status=200 geo=INTL session=no
[request] cd7eb19c2dc5489e GET /en status=200 geo=INTL session=no
[request] c0085c3e2c294c50 GET /en status=200 geo=INTL session=no
[request] 686b391dd4884ea5 GET /en status=200 geo=INTL session=no
[request] 9e743ba8c9cc4d4b GET /en status=200 geo=INTL session=no
[request] 640527b0e3604887 GET /en/leagues status=200 geo=INTL session=no
[request] a79b0073d2564a5b GET /en status=200 geo=INTL session=no
[request] 0b92064d61b84293 GET /en status=200 geo=INTL session=no
[request] bd1499bf30cb46c3 GET /en status=200 geo=INTL session=no
[request] 542ef0e8d31348d6 GET /en/leagues/UCL status=200 geo=INTL session=no
[request] 46ec6bb0e1d849d5 GET /en/leagues/EPL status=200 geo=INTL session=no
[request] 083c5ebf695c4e7c GET /en status=200 geo=INTL session=no
[request] e04bbb7b42ef4f0a GET /en status=200 geo=INTL session=no
[request] da1927dc50e64a90 GET /en status=200 geo=INTL session=no
[request] cc48e94bb6df4bdd GET /en status=200 geo=INTL session=no
[request] 5c5559b76d9441ac GET /en status=200 geo=INTL session=no
[request] d81f3c6c009f4652 GET /en status=200 geo=INTL session=no
[request] 2d1e26c5f7b74d7c GET /en status=200 geo=INTL session=no
[request] f1ca371137de4cb8 GET /en/leagues status=200 geo=INTL session=no
[request] 1fb34732da494863 GET /en status=200 geo=INTL session=no
[request] 9257a19e8eea45b4 GET /en status=200 geo=INTL session=no
[request] eaaaff76b87c4eb2 GET /en status=200 geo=INTL session=no
[request] 340a9bba9afd4bd5 GET /en/leagues/UCL status=200 geo=INTL session=no
[request] 61e882d969cd43f1 GET /en/leagues/EPL status=200 geo=INTL session=no
[request] 15dc3643af994e4b GET /en status=200 geo=INTL session=no
[request] 7f1251e823424d56 GET /en status=200 geo=INTL session=no
[request] 51320b509c1f46bf GET /en status=200 geo=INTL session=no
[request] 9ba699590c72413b GET /en status=200 geo=INTL session=no
[request] ce9066004aa94060 GET /en status=200 geo=INTL session=no
[request] 4f12e31c1986497d GET /en status=200 geo=INTL session=no
[request] 38a260d51d314477 GET /en status=200 geo=INTL session=no
[request] 2cac3d197be94335 GET /en/leagues status=200 geo=INTL session=no
[request] f931d8b0ffb84128 GET /en status=200 geo=INTL session=no
[request] b47ca98c27864b4b GET /en status=200 geo=INTL session=no
[request] 3d1fa2f6507043eb GET /en status=200 geo=INTL session=no
[request] 7631b6ce86a14d02 GET /en/leagues/UCL status=200 geo=INTL session=no
[request] 1e0f8836f84c4a54 GET /en/leagues/EPL status=200 geo=INTL session=no
[request] f0aaa21535874ca2 GET /en status=200 geo=INTL session=no
[request] ea67c6dfd0974064 GET /en status=200 geo=INTL session=no
[request] 66c72311a52644e3 GET /en status=200 geo=INTL session=no
[request] e0f95437130f4794 GET /en status=200 geo=INTL session=no
[request] d6944c3b775a4824 GET /en status=200 geo=INTL session=no
[request] 83bdb4605ada43ea GET /en status=200 geo=INTL session=no
[request] 1139433772664b43 GET /en status=200 geo=INTL session=no
[request] 026b81b8597d430b GET /en/leagues status=200 geo=INTL session=no
[request] 9ec5e8f8193348f9 GET /en status=200 geo=INTL session=no
[request] d325f4984a7e40c6 GET /en status=200 geo=INTL session=no
[request] bcae2e607ff4412d GET /en status=200 geo=INTL session=no
[request] 285a5a5e59a343d1 GET /en/leagues/UCL status=200 geo=INTL session=no
[request] 52f05915cba545b5 GET /en/leagues/EPL status=200 geo=INTL session=no
[request] 4932fa027fa74c5b GET /en status=200 geo=INTL session=no
[request] f0040ef3fb964914 GET /en status=200 geo=INTL session=no
[request] 643d91f7e4964b50 GET /en status=200 geo=INTL session=no
[request] 39cb05b1d1c24165 GET /en status=200 geo=INTL session=no
[request] 2b82e68fb9454a80 GET /en status=200 geo=INTL session=no
[request] a970d4da48ca44d3 GET /en status=200 geo=INTL session=no
[request] 8825eee8ec774e38 GET /en status=200 geo=INTL session=no
[request] c11d102bb2e94980 GET /en/leagues status=200 geo=INTL session=no
[request] 6127cfc9a17d4361 GET /en status=200 geo=INTL session=no
[request] 6be6a4954a314c32 GET /en status=200 geo=INTL session=no
[request] e20ee185ae3d4d40 GET /en status=200 geo=INTL session=no
[request] a1e1a57bdf0240a6 GET /en/leagues/UCL status=200 geo=INTL session=no
[request] 55f8a4a7206a4625 GET /en/leagues/EPL status=200 geo=INTL session=no
[request] 51a84b55295a4e63 GET /en status=200 geo=INTL session=no
[request] 4a6b5037b0b04873 GET /en status=200 geo=INTL session=no
[request] 5db74d9e45414ef6 GET /en status=200 geo=INTL session=no
[request] 6ee69f632964417e GET /en status=200 geo=INTL session=no
[request] 2f8d69aad6db4ee6 GET /en status=200 geo=INTL session=no
[request] 3af97a8f5bd44443 GET /en status=200 geo=INTL session=no
[request] fefbe0075b144ded GET /en status=200 geo=INTL session=no
[request] 3082db7d0f43498b GET /en status=200 geo=INTL session=no
[request] a434547ef71c434d GET /en/leagues status=200 geo=INTL session=no
[request] 5e77b3ded11840b0 GET /en status=200 geo=INTL session=no
[request] 60546fb790a64b63 GET /en status=200 geo=INTL session=no
[request] 6b89f442c87f4f9f GET /en status=200 geo=INTL session=no
[request] 258e2a4dbd3d43d2 GET /en/leagues/UCL status=200 geo=INTL session=no
[request] becc26316dd94398 GET /en/leagues/EPL status=200 geo=INTL session=no
[request] 4689eba563c64387 GET /en status=200 geo=INTL session=no
[request] 043e2cc4708c46bd GET /en status=200 geo=INTL session=no
[request] 62b192a92ea9402d GET /en status=200 geo=INTL session=no
[request] 02a95cb7f60d4062 GET /en status=200 geo=INTL session=no
[request] bf70269b7a9240db GET /en status=200 geo=INTL session=no
[request] f9a676ff154c4148 GET /en status=200 geo=INTL session=no
[request] aceb3f0833fb47ad GET /en/leagues status=200 geo=INTL session=no
[request] 82354faaec734f98 GET /en status=200 geo=INTL session=no
[request] 879a9f2154c4482d GET /en status=200 geo=INTL session=no
[request] 1f44bfff3f8a41e8 GET /en status=200 geo=INTL session=no
[request] ac1f898321854183 GET /en/leagues/UCL status=200 geo=INTL session=no
[request] 33e7733722df4426 GET /en/leagues/EPL status=200 geo=INTL session=no
[request] a7e025c79e5848ab GET /en status=200 geo=INTL session=no
[request] 76c36b76b45d420d GET /en status=200 geo=INTL session=no
[request] 0d15c773edb44f7d GET /en status=200 geo=INTL session=no
[request] 596974085f334674 GET /en status=200 geo=INTL session=no
[request] cda12584c03f41dd GET /en status=200 geo=INTL session=no
[request] c3310339877c473f GET /en status=200 geo=INTL session=no
[request] 7695b001bf194847 GET /en status=200 geo=INTL session=no
[request] 29499695275d4a91 GET /en/leagues status=200 geo=INTL session=no
[request] 9d03b2415e2049b4 GET /en status=200 geo=INTL session=no
[request] 3fd83981452f44f8 GET /en status=200 geo=INTL session=no
[request] 6516dbc7965140b3 GET /en status=200 geo=INTL session=no
[request] 41d92a05cddd49ce GET /en/leagues/UCL status=200 geo=INTL session=no
[request] de4f1aab13864969 GET /en/leagues/EPL status=200 geo=INTL session=no
[request] 10b9b5336ba44c6e GET /en status=200 geo=INTL session=no
[request] 5d127dfd2b944e17 GET /en status=200 geo=INTL session=no
[request] 0488b382e25c4931 GET /en status=200 geo=INTL session=no
[request] 4a1c7c8029224487 GET /en status=200 geo=INTL session=no
[request] d86f86e8de664f14 GET /en status=200 geo=INTL session=no
[request] 9071c1547d9448a7 GET /en status=200 geo=INTL session=no
